{"total": {"lines":{"total":614,"covered":513,"skipped":0,"pct":83.55},"statements":{"total":647,"covered":537,"skipped":0,"pct":82.99},"functions":{"total":105,"covered":91,"skipped":0,"pct":86.66},"branches":{"total":467,"covered":372,"skipped":0,"pct":79.65},"branchesTrue":{"total":0,"covered":0,"skipped":0,"pct":100}}
,"/Users/colinlienard/dev/sv-router/src/RecursiveComponentTree.svelte": {"lines":{"total":5,"covered":5,"skipped":0,"pct":100},"functions":{"total":4,"covered":4,"skipped":0,"pct":100},"statements":{"total":7,"covered":7,"skipped":0,"pct":100},"branches":{"total":2,"covered":1,"skipped":0,"pct":50}}
,"/Users/colinlienard/dev/sv-router/src/Router.svelte": {"lines":{"total":9,"covered":9,"skipped":0,"pct":100},"functions":{"total":5,"covered":5,"skipped":0,"pct":100},"statements":{"total":11,"covered":11,"skipped":0,"pct":100},"branches":{"total":0,"covered":0,"skipped":0,"pct":100}}
,"/Users/colinlienard/dev/sv-router/src/attachments.svelte.js": {"lines":{"total":21,"covered":10,"skipped":0,"pct":47.61},"functions":{"total":5,"covered":3,"skipped":0,"pct":60},"statements":{"total":21,"covered":10,"skipped":0,"pct":47.61},"branches":{"total":26,"covered":11,"skipped":0,"pct":42.3}}
,"/Users/colinlienard/dev/sv-router/src/create-router.svelte.js": {"lines":{"total":143,"covered":124,"skipped":0,"pct":86.71},"functions":{"total":18,"covered":12,"skipped":0,"pct":66.66},"statements":{"total":148,"covered":126,"skipped":0,"pct":85.13},"branches":{"total":112,"covered":88,"skipped":0,"pct":78.57}}
,"/Users/colinlienard/dev/sv-router/src/index.js": {"lines":{"total":0,"covered":0,"skipped":0,"pct":100},"functions":{"total":0,"covered":0,"skipped":0,"pct":100},"statements":{"total":0,"covered":0,"skipped":0,"pct":100},"branches":{"total":0,"covered":0,"skipped":0,"pct":100}}
,"/Users/colinlienard/dev/sv-router/src/navigation.js": {"lines":{"total":2,"covered":2,"skipped":0,"pct":100},"functions":{"total":1,"covered":1,"skipped":0,"pct":100},"statements":{"total":2,"covered":2,"skipped":0,"pct":100},"branches":{"total":0,"covered":0,"skipped":0,"pct":100}}
,"/Users/colinlienard/dev/sv-router/src/search-params.svelte.js": {"lines":{"total":32,"covered":32,"skipped":0,"pct":100},"functions":{"total":17,"covered":17,"skipped":0,"pct":100},"statements":{"total":34,"covered":34,"skipped":0,"pct":100},"branches":{"total":10,"covered":8,"skipped":0,"pct":80}}
,"/Users/colinlienard/dev/sv-router/src/gen/config.js": {"lines":{"total":2,"covered":1,"skipped":0,"pct":50},"functions":{"total":1,"covered":0,"skipped":0,"pct":0},"statements":{"total":2,"covered":1,"skipped":0,"pct":50},"branches":{"total":2,"covered":0,"skipped":0,"pct":0}}
,"/Users/colinlienard/dev/sv-router/src/gen/generate-router-code.js": {"lines":{"total":129,"covered":126,"skipped":0,"pct":97.67},"functions":{"total":13,"covered":13,"skipped":0,"pct":100},"statements":{"total":134,"covered":131,"skipped":0,"pct":97.76},"branches":{"total":114,"covered":109,"skipped":0,"pct":95.61}}
,"/Users/colinlienard/dev/sv-router/src/gen/write-router-code.js": {"lines":{"total":14,"covered":0,"skipped":0,"pct":0},"functions":{"total":2,"covered":0,"skipped":0,"pct":0},"statements":{"total":14,"covered":0,"skipped":0,"pct":0},"branches":{"total":10,"covered":0,"skipped":0,"pct":0}}
,"/Users/colinlienard/dev/sv-router/src/helpers/is-active.js": {"lines":{"total":21,"covered":21,"skipped":0,"pct":100},"functions":{"total":5,"covered":5,"skipped":0,"pct":100},"statements":{"total":23,"covered":23,"skipped":0,"pct":100},"branches":{"total":16,"covered":16,"skipped":0,"pct":100}}
,"/Users/colinlienard/dev/sv-router/src/helpers/match-route.js": {"lines":{"total":71,"covered":70,"skipped":0,"pct":98.59},"functions":{"total":4,"covered":4,"skipped":0,"pct":100},"statements":{"total":77,"covered":76,"skipped":0,"pct":98.7},"branches":{"total":73,"covered":72,"skipped":0,"pct":98.63}}
,"/Users/colinlienard/dev/sv-router/src/helpers/preload.js": {"lines":{"total":78,"covered":31,"skipped":0,"pct":39.74},"functions":{"total":9,"covered":6,"skipped":0,"pct":66.66},"statements":{"total":85,"covered":32,"skipped":0,"pct":37.64},"branches":{"total":36,"covered":9,"skipped":0,"pct":25}}
,"/Users/colinlienard/dev/sv-router/src/helpers/utils.js": {"lines":{"total":66,"covered":61,"skipped":0,"pct":92.42},"functions":{"total":16,"covered":16,"skipped":0,"pct":100},"statements":{"total":67,"covered":62,"skipped":0,"pct":92.53},"branches":{"total":52,"covered":44,"skipped":0,"pct":84.61}}
,"/Users/colinlienard/dev/sv-router/src/helpers/validate-routes.js": {"lines":{"total":21,"covered":21,"skipped":0,"pct":100},"functions":{"total":5,"covered":5,"skipped":0,"pct":100},"statements":{"total":22,"covered":22,"skipped":0,"pct":100},"branches":{"total":14,"covered":14,"skipped":0,"pct":100}}
}
